02:51:19 INFO  : Registering command handlers for SDK TCF services
02:51:19 INFO  : Launching XSCT server: xsct.bat -interactive D:\Kishore_Sir_Project\imageProcSystem\imageProcSystem.sdk\temp_xsdb_launch_script.tcl
02:51:21 INFO  : XSCT server has started successfully.
02:51:21 INFO  : Successfully done setting XSCT server connection channel  
02:51:21 INFO  : Successfully done setting SDK workspace  
02:51:21 INFO  : Processing command line option -hwspec D:/Kishore_Sir_Project/imageProcSystem/imageProcSystem.sdk/imageProcSystem_wrapper.hdf.
02:59:27 INFO  : 'targets -set -filter {jtag_cable_name =~ "Digilent Zybo 210279778198A" && level==0} -index 1' command is executed.
02:59:27 INFO  : 'fpga -state' command is executed.
02:59:27 INFO  : Connected to target on host '127.0.0.1' and port '3121'.
02:59:27 INFO  : Jtag cable 'Digilent Zybo 210279778198A' is selected.
02:59:27 INFO  : 'jtag frequency' command is executed.
02:59:27 INFO  : Sourcing of 'D:/Kishore_Sir_Project/imageProcSystem/imageProcSystem.sdk/imageProcSystem_wrapper_hw_platform_0/ps7_init.tcl' is done.
02:59:27 INFO  : Context for 'APU' is selected.
02:59:27 INFO  : Hardware design information is loaded from 'D:/Kishore_Sir_Project/imageProcSystem/imageProcSystem.sdk/imageProcSystem_wrapper_hw_platform_0/system.hdf'.
02:59:27 INFO  : 'configparams force-mem-access 1' command is executed.
02:59:27 INFO  : Context for 'APU' is selected.
02:59:27 INFO  : 'stop' command is executed.
02:59:27 INFO  : 'ps7_init' command is executed.
02:59:27 INFO  : 'ps7_post_config' command is executed.
02:59:27 INFO  : 'configparams force-mem-access 0' command is executed.
02:59:27 INFO  : ----------------XSDB Script----------------
connect -url tcp:127.0.0.1:3121
source D:/Kishore_Sir_Project/imageProcSystem/imageProcSystem.sdk/imageProcSystem_wrapper_hw_platform_0/ps7_init.tcl
targets -set -nocase -filter {name =~"APU*" && jtag_cable_name =~ "Digilent Zybo 210279778198A"} -index 0
loadhw -hw D:/Kishore_Sir_Project/imageProcSystem/imageProcSystem.sdk/imageProcSystem_wrapper_hw_platform_0/system.hdf -mem-ranges [list {0x40000000 0xbfffffff}]
configparams force-mem-access 1
targets -set -nocase -filter {name =~"APU*" && jtag_cable_name =~ "Digilent Zybo 210279778198A"} -index 0
stop
ps7_init
ps7_post_config
configparams force-mem-access 0
----------------End of Script----------------

02:59:27 INFO  : Memory regions updated for context APU
02:59:27 INFO  : Launch script is exported to file 'D:\Kishore_Sir_Project\imageProcSystem\imageProcSystem.sdk\.sdk\launch_scripts\xilinx_c-c++_application_(system_debugger)\system_debugger_on_local.tcl'
02:59:46 INFO  : Disconnected from the channel tcfchan#1.
02:59:47 INFO  : 'targets -set -filter {jtag_cable_name =~ "Digilent Zybo 210279778198A" && level==0} -index 1' command is executed.
02:59:47 INFO  : 'fpga -state' command is executed.
02:59:47 INFO  : Connected to target on host '127.0.0.1' and port '3121'.
02:59:47 INFO  : Jtag cable 'Digilent Zybo 210279778198A' is selected.
02:59:47 INFO  : 'jtag frequency' command is executed.
02:59:47 INFO  : Sourcing of 'D:/Kishore_Sir_Project/imageProcSystem/imageProcSystem.sdk/imageProcSystem_wrapper_hw_platform_0/ps7_init.tcl' is done.
02:59:47 INFO  : Context for 'APU' is selected.
02:59:49 INFO  : Hardware design information is loaded from 'D:/Kishore_Sir_Project/imageProcSystem/imageProcSystem.sdk/imageProcSystem_wrapper_hw_platform_0/system.hdf'.
02:59:49 INFO  : 'configparams force-mem-access 1' command is executed.
02:59:49 INFO  : Context for 'APU' is selected.
02:59:49 INFO  : 'stop' command is executed.
02:59:50 INFO  : 'ps7_init' command is executed.
02:59:50 INFO  : 'ps7_post_config' command is executed.
02:59:50 INFO  : 'configparams force-mem-access 0' command is executed.
02:59:50 INFO  : ----------------XSDB Script----------------
connect -url tcp:127.0.0.1:3121
source D:/Kishore_Sir_Project/imageProcSystem/imageProcSystem.sdk/imageProcSystem_wrapper_hw_platform_0/ps7_init.tcl
targets -set -nocase -filter {name =~"APU*" && jtag_cable_name =~ "Digilent Zybo 210279778198A"} -index 0
loadhw -hw D:/Kishore_Sir_Project/imageProcSystem/imageProcSystem.sdk/imageProcSystem_wrapper_hw_platform_0/system.hdf -mem-ranges [list {0x40000000 0xbfffffff}]
configparams force-mem-access 1
targets -set -nocase -filter {name =~"APU*" && jtag_cable_name =~ "Digilent Zybo 210279778198A"} -index 0
stop
ps7_init
ps7_post_config
configparams force-mem-access 0
----------------End of Script----------------

02:59:50 INFO  : Memory regions updated for context APU
02:59:50 INFO  : Launch script is exported to file 'D:\Kishore_Sir_Project\imageProcSystem\imageProcSystem.sdk\.sdk\launch_scripts\xilinx_c-c++_application_(system_debugger)\system_debugger_on_local.tcl'
03:00:33 INFO  : Disconnected from the channel tcfchan#2.
03:00:34 INFO  : 'targets -set -filter {jtag_cable_name =~ "Digilent Zybo 210279778198A" && level==0} -index 1' command is executed.
03:00:34 INFO  : 'fpga -state' command is executed.
03:00:34 INFO  : Connected to target on host '127.0.0.1' and port '3121'.
03:00:35 INFO  : Jtag cable 'Digilent Zybo 210279778198A' is selected.
03:00:35 INFO  : 'jtag frequency' command is executed.
03:00:35 INFO  : Sourcing of 'D:/Kishore_Sir_Project/imageProcSystem/imageProcSystem.sdk/imageProcSystem_wrapper_hw_platform_0/ps7_init.tcl' is done.
03:00:35 INFO  : Context for 'APU' is selected.
03:00:36 INFO  : Hardware design information is loaded from 'D:/Kishore_Sir_Project/imageProcSystem/imageProcSystem.sdk/imageProcSystem_wrapper_hw_platform_0/system.hdf'.
03:00:36 INFO  : 'configparams force-mem-access 1' command is executed.
03:00:36 INFO  : Context for 'APU' is selected.
03:00:36 INFO  : 'stop' command is executed.
03:00:37 INFO  : 'ps7_init' command is executed.
03:00:37 INFO  : 'ps7_post_config' command is executed.
03:00:37 INFO  : 'configparams force-mem-access 0' command is executed.
03:00:37 INFO  : ----------------XSDB Script----------------
connect -url tcp:127.0.0.1:3121
source D:/Kishore_Sir_Project/imageProcSystem/imageProcSystem.sdk/imageProcSystem_wrapper_hw_platform_0/ps7_init.tcl
targets -set -nocase -filter {name =~"APU*" && jtag_cable_name =~ "Digilent Zybo 210279778198A"} -index 0
loadhw -hw D:/Kishore_Sir_Project/imageProcSystem/imageProcSystem.sdk/imageProcSystem_wrapper_hw_platform_0/system.hdf -mem-ranges [list {0x40000000 0xbfffffff}]
configparams force-mem-access 1
targets -set -nocase -filter {name =~"APU*" && jtag_cable_name =~ "Digilent Zybo 210279778198A"} -index 0
stop
ps7_init
ps7_post_config
configparams force-mem-access 0
----------------End of Script----------------

03:00:37 INFO  : Memory regions updated for context APU
03:00:37 INFO  : Launch script is exported to file 'D:\Kishore_Sir_Project\imageProcSystem\imageProcSystem.sdk\.sdk\launch_scripts\xilinx_c-c++_application_(system_debugger)\system_debugger_on_local.tcl'
03:01:07 INFO  : Disconnected from the channel tcfchan#3.
03:01:08 INFO  : 'targets -set -filter {jtag_cable_name =~ "Digilent Zybo 210279778198A" && level==0} -index 1' command is executed.
03:01:08 INFO  : 'fpga -state' command is executed.
03:01:08 INFO  : Connected to target on host '127.0.0.1' and port '3121'.
03:01:08 INFO  : Jtag cable 'Digilent Zybo 210279778198A' is selected.
03:01:08 INFO  : 'jtag frequency' command is executed.
03:01:08 INFO  : Sourcing of 'D:/Kishore_Sir_Project/imageProcSystem/imageProcSystem.sdk/imageProcSystem_wrapper_hw_platform_0/ps7_init.tcl' is done.
03:01:08 INFO  : Context for 'APU' is selected.
03:01:10 INFO  : Hardware design information is loaded from 'D:/Kishore_Sir_Project/imageProcSystem/imageProcSystem.sdk/imageProcSystem_wrapper_hw_platform_0/system.hdf'.
03:01:10 INFO  : 'configparams force-mem-access 1' command is executed.
03:01:10 INFO  : Context for 'APU' is selected.
03:01:10 INFO  : 'stop' command is executed.
03:01:10 INFO  : 'ps7_init' command is executed.
03:01:10 INFO  : 'ps7_post_config' command is executed.
03:01:10 INFO  : 'configparams force-mem-access 0' command is executed.
03:01:10 INFO  : ----------------XSDB Script----------------
connect -url tcp:127.0.0.1:3121
source D:/Kishore_Sir_Project/imageProcSystem/imageProcSystem.sdk/imageProcSystem_wrapper_hw_platform_0/ps7_init.tcl
targets -set -nocase -filter {name =~"APU*" && jtag_cable_name =~ "Digilent Zybo 210279778198A"} -index 0
loadhw -hw D:/Kishore_Sir_Project/imageProcSystem/imageProcSystem.sdk/imageProcSystem_wrapper_hw_platform_0/system.hdf -mem-ranges [list {0x40000000 0xbfffffff}]
configparams force-mem-access 1
targets -set -nocase -filter {name =~"APU*" && jtag_cable_name =~ "Digilent Zybo 210279778198A"} -index 0
stop
ps7_init
ps7_post_config
configparams force-mem-access 0
----------------End of Script----------------

03:01:10 INFO  : Memory regions updated for context APU
03:01:10 INFO  : Launch script is exported to file 'D:\Kishore_Sir_Project\imageProcSystem\imageProcSystem.sdk\.sdk\launch_scripts\xilinx_c-c++_application_(system_debugger)\system_debugger_on_local.tcl'
03:01:15 INFO  : Disconnected from the channel tcfchan#4.
03:01:16 INFO  : 'targets -set -filter {jtag_cable_name =~ "Digilent Zybo 210279778198A" && level==0} -index 1' command is executed.
03:01:17 INFO  : 'fpga -state' command is executed.
03:01:17 INFO  : Connected to target on host '127.0.0.1' and port '3121'.
03:01:17 INFO  : Jtag cable 'Digilent Zybo 210279778198A' is selected.
03:01:17 INFO  : 'jtag frequency' command is executed.
03:01:17 INFO  : Sourcing of 'D:/Kishore_Sir_Project/imageProcSystem/imageProcSystem.sdk/imageProcSystem_wrapper_hw_platform_0/ps7_init.tcl' is done.
03:01:17 INFO  : Context for 'APU' is selected.
03:01:18 INFO  : Hardware design information is loaded from 'D:/Kishore_Sir_Project/imageProcSystem/imageProcSystem.sdk/imageProcSystem_wrapper_hw_platform_0/system.hdf'.
03:01:18 INFO  : 'configparams force-mem-access 1' command is executed.
03:01:18 INFO  : Context for 'APU' is selected.
03:01:18 INFO  : 'stop' command is executed.
03:01:19 INFO  : 'ps7_init' command is executed.
03:01:19 INFO  : 'ps7_post_config' command is executed.
03:01:19 INFO  : 'configparams force-mem-access 0' command is executed.
03:01:19 INFO  : ----------------XSDB Script----------------
connect -url tcp:127.0.0.1:3121
source D:/Kishore_Sir_Project/imageProcSystem/imageProcSystem.sdk/imageProcSystem_wrapper_hw_platform_0/ps7_init.tcl
targets -set -nocase -filter {name =~"APU*" && jtag_cable_name =~ "Digilent Zybo 210279778198A"} -index 0
loadhw -hw D:/Kishore_Sir_Project/imageProcSystem/imageProcSystem.sdk/imageProcSystem_wrapper_hw_platform_0/system.hdf -mem-ranges [list {0x40000000 0xbfffffff}]
configparams force-mem-access 1
targets -set -nocase -filter {name =~"APU*" && jtag_cable_name =~ "Digilent Zybo 210279778198A"} -index 0
stop
ps7_init
ps7_post_config
configparams force-mem-access 0
----------------End of Script----------------

03:01:19 INFO  : Memory regions updated for context APU
03:01:19 INFO  : Launch script is exported to file 'D:\Kishore_Sir_Project\imageProcSystem\imageProcSystem.sdk\.sdk\launch_scripts\xilinx_c-c++_application_(system_debugger)\system_debugger_on_local.tcl'
03:04:08 INFO  : Disconnected from the channel tcfchan#5.
03:04:09 INFO  : 'targets -set -filter {jtag_cable_name =~ "Digilent Zybo 210279778198A" && level==0} -index 1' command is executed.
03:04:09 INFO  : 'fpga -state' command is executed.
03:04:12 INFO  : Connected to target on host '127.0.0.1' and port '3121'.
03:04:12 INFO  : Jtag cable 'Digilent Zybo 210279778198A' is selected.
03:04:12 INFO  : 'jtag frequency' command is executed.
03:04:12 INFO  : Sourcing of 'D:/Kishore_Sir_Project/imageProcSystem/imageProcSystem.sdk/imageProcSystem_wrapper_hw_platform_0/ps7_init.tcl' is done.
03:04:12 INFO  : Context for 'APU' is selected.
03:04:13 INFO  : Hardware design information is loaded from 'D:/Kishore_Sir_Project/imageProcSystem/imageProcSystem.sdk/imageProcSystem_wrapper_hw_platform_0/system.hdf'.
03:04:13 INFO  : 'configparams force-mem-access 1' command is executed.
03:04:13 INFO  : Context for 'APU' is selected.
03:04:14 INFO  : 'stop' command is executed.
03:04:14 INFO  : 'ps7_init' command is executed.
03:04:14 INFO  : 'ps7_post_config' command is executed.
03:04:14 INFO  : 'configparams force-mem-access 0' command is executed.
03:04:14 INFO  : ----------------XSDB Script----------------
connect -url tcp:127.0.0.1:3121
source D:/Kishore_Sir_Project/imageProcSystem/imageProcSystem.sdk/imageProcSystem_wrapper_hw_platform_0/ps7_init.tcl
targets -set -nocase -filter {name =~"APU*" && jtag_cable_name =~ "Digilent Zybo 210279778198A"} -index 0
loadhw -hw D:/Kishore_Sir_Project/imageProcSystem/imageProcSystem.sdk/imageProcSystem_wrapper_hw_platform_0/system.hdf -mem-ranges [list {0x40000000 0xbfffffff}]
configparams force-mem-access 1
targets -set -nocase -filter {name =~"APU*" && jtag_cable_name =~ "Digilent Zybo 210279778198A"} -index 0
stop
ps7_init
ps7_post_config
configparams force-mem-access 0
----------------End of Script----------------

03:04:14 INFO  : Memory regions updated for context APU
03:04:14 INFO  : Launch script is exported to file 'D:\Kishore_Sir_Project\imageProcSystem\imageProcSystem.sdk\.sdk\launch_scripts\xilinx_c-c++_application_(system_debugger)\system_debugger_on_local.tcl'
03:04:52 INFO  : Disconnected from the channel tcfchan#6.
03:04:53 INFO  : 'targets -set -filter {jtag_cable_name =~ "Digilent Zybo 210279778198A" && level==0} -index 1' command is executed.
03:04:53 INFO  : 'fpga -state' command is executed.
03:04:53 INFO  : Connected to target on host '127.0.0.1' and port '3121'.
03:04:53 INFO  : Jtag cable 'Digilent Zybo 210279778198A' is selected.
03:04:53 INFO  : 'jtag frequency' command is executed.
03:04:53 INFO  : Sourcing of 'D:/Kishore_Sir_Project/imageProcSystem/imageProcSystem.sdk/imageProcSystem_wrapper_hw_platform_0/ps7_init.tcl' is done.
03:04:53 INFO  : Context for 'APU' is selected.
03:04:55 INFO  : Hardware design information is loaded from 'D:/Kishore_Sir_Project/imageProcSystem/imageProcSystem.sdk/imageProcSystem_wrapper_hw_platform_0/system.hdf'.
03:04:55 INFO  : 'configparams force-mem-access 1' command is executed.
03:04:55 INFO  : Context for 'APU' is selected.
03:04:55 INFO  : 'stop' command is executed.
03:04:55 INFO  : 'ps7_init' command is executed.
03:04:55 INFO  : 'ps7_post_config' command is executed.
03:04:55 INFO  : Context for processor 'ps7_cortexa9_0' is selected.
03:04:55 INFO  : Processor reset is completed for 'ps7_cortexa9_0'.
03:04:55 INFO  : Context for processor 'ps7_cortexa9_0' is selected.
03:04:56 INFO  : The application 'D:/Kishore_Sir_Project/imageProcSystem/imageProcSystem.sdk/imageEdgeDetect/Debug/imageEdgeDetect.elf' is downloaded to processor 'ps7_cortexa9_0'.
03:04:56 INFO  : 'configparams force-mem-access 0' command is executed.
03:04:56 INFO  : ----------------XSDB Script----------------
connect -url tcp:127.0.0.1:3121
source D:/Kishore_Sir_Project/imageProcSystem/imageProcSystem.sdk/imageProcSystem_wrapper_hw_platform_0/ps7_init.tcl
targets -set -nocase -filter {name =~"APU*" && jtag_cable_name =~ "Digilent Zybo 210279778198A"} -index 0
loadhw -hw D:/Kishore_Sir_Project/imageProcSystem/imageProcSystem.sdk/imageProcSystem_wrapper_hw_platform_0/system.hdf -mem-ranges [list {0x40000000 0xbfffffff}]
configparams force-mem-access 1
targets -set -nocase -filter {name =~"APU*" && jtag_cable_name =~ "Digilent Zybo 210279778198A"} -index 0
stop
ps7_init
ps7_post_config
targets -set -nocase -filter {name =~ "ARM*#0" && jtag_cable_name =~ "Digilent Zybo 210279778198A"} -index 0
rst -processor
targets -set -nocase -filter {name =~ "ARM*#0" && jtag_cable_name =~ "Digilent Zybo 210279778198A"} -index 0
dow D:/Kishore_Sir_Project/imageProcSystem/imageProcSystem.sdk/imageEdgeDetect/Debug/imageEdgeDetect.elf
configparams force-mem-access 0
----------------End of Script----------------

03:04:56 INFO  : Memory regions updated for context APU
03:04:56 INFO  : Context for processor 'ps7_cortexa9_0' is selected.
03:04:56 INFO  : 'con' command is executed.
03:04:56 INFO  : ----------------XSDB Script (After Launch)----------------
targets -set -nocase -filter {name =~ "ARM*#0" && jtag_cable_name =~ "Digilent Zybo 210279778198A"} -index 0
con
----------------End of Script----------------

03:04:56 INFO  : Launch script is exported to file 'D:\Kishore_Sir_Project\imageProcSystem\imageProcSystem.sdk\.sdk\launch_scripts\xilinx_c-c++_application_(system_debugger)\system_debugger_on_local.tcl'
03:09:50 INFO  : Disconnected from the channel tcfchan#7.
03:09:51 INFO  : 'targets -set -filter {jtag_cable_name =~ "Digilent Zybo 210279778198A" && level==0} -index 1' command is executed.
03:09:51 INFO  : 'fpga -state' command is executed.
03:09:51 INFO  : Connected to target on host '127.0.0.1' and port '3121'.
03:09:51 INFO  : Jtag cable 'Digilent Zybo 210279778198A' is selected.
03:09:51 INFO  : 'jtag frequency' command is executed.
03:09:51 INFO  : Sourcing of 'D:/Kishore_Sir_Project/imageProcSystem/imageProcSystem.sdk/imageProcSystem_wrapper_hw_platform_0/ps7_init.tcl' is done.
03:09:51 INFO  : Context for 'APU' is selected.
03:09:53 INFO  : Hardware design information is loaded from 'D:/Kishore_Sir_Project/imageProcSystem/imageProcSystem.sdk/imageProcSystem_wrapper_hw_platform_0/system.hdf'.
03:09:53 INFO  : 'configparams force-mem-access 1' command is executed.
03:09:53 INFO  : Context for 'APU' is selected.
03:09:53 INFO  : 'stop' command is executed.
03:09:53 INFO  : 'ps7_init' command is executed.
03:09:53 INFO  : 'ps7_post_config' command is executed.
03:09:53 INFO  : Context for processor 'ps7_cortexa9_0' is selected.
03:09:54 INFO  : Processor reset is completed for 'ps7_cortexa9_0'.
03:09:54 INFO  : Context for processor 'ps7_cortexa9_0' is selected.
03:09:54 INFO  : The application 'D:/Kishore_Sir_Project/imageProcSystem/imageProcSystem.sdk/imageEdgeDetect/Debug/imageEdgeDetect.elf' is downloaded to processor 'ps7_cortexa9_0'.
03:09:54 INFO  : 'configparams force-mem-access 0' command is executed.
03:09:54 INFO  : ----------------XSDB Script----------------
connect -url tcp:127.0.0.1:3121
source D:/Kishore_Sir_Project/imageProcSystem/imageProcSystem.sdk/imageProcSystem_wrapper_hw_platform_0/ps7_init.tcl
targets -set -nocase -filter {name =~"APU*" && jtag_cable_name =~ "Digilent Zybo 210279778198A"} -index 0
loadhw -hw D:/Kishore_Sir_Project/imageProcSystem/imageProcSystem.sdk/imageProcSystem_wrapper_hw_platform_0/system.hdf -mem-ranges [list {0x40000000 0xbfffffff}]
configparams force-mem-access 1
targets -set -nocase -filter {name =~"APU*" && jtag_cable_name =~ "Digilent Zybo 210279778198A"} -index 0
stop
ps7_init
ps7_post_config
targets -set -nocase -filter {name =~ "ARM*#0" && jtag_cable_name =~ "Digilent Zybo 210279778198A"} -index 0
rst -processor
targets -set -nocase -filter {name =~ "ARM*#0" && jtag_cable_name =~ "Digilent Zybo 210279778198A"} -index 0
dow D:/Kishore_Sir_Project/imageProcSystem/imageProcSystem.sdk/imageEdgeDetect/Debug/imageEdgeDetect.elf
configparams force-mem-access 0
----------------End of Script----------------

03:09:54 INFO  : Memory regions updated for context APU
03:09:54 INFO  : Context for processor 'ps7_cortexa9_0' is selected.
03:09:54 INFO  : 'con' command is executed.
03:09:54 INFO  : ----------------XSDB Script (After Launch)----------------
targets -set -nocase -filter {name =~ "ARM*#0" && jtag_cable_name =~ "Digilent Zybo 210279778198A"} -index 0
con
----------------End of Script----------------

03:09:54 INFO  : Launch script is exported to file 'D:\Kishore_Sir_Project\imageProcSystem\imageProcSystem.sdk\.sdk\launch_scripts\xilinx_c-c++_application_(system_debugger)\system_debugger_on_local.tcl'
03:10:22 INFO  : Disconnected from the channel tcfchan#8.
03:10:23 INFO  : 'targets -set -filter {jtag_cable_name =~ "Digilent Zybo 210279778198A" && level==0} -index 1' command is executed.
03:10:23 INFO  : 'fpga -state' command is executed.
03:10:23 INFO  : Connected to target on host '127.0.0.1' and port '3121'.
03:10:23 INFO  : Jtag cable 'Digilent Zybo 210279778198A' is selected.
03:10:23 INFO  : 'jtag frequency' command is executed.
03:10:23 INFO  : Sourcing of 'D:/Kishore_Sir_Project/imageProcSystem/imageProcSystem.sdk/imageProcSystem_wrapper_hw_platform_0/ps7_init.tcl' is done.
03:10:23 INFO  : Context for 'APU' is selected.
03:10:25 INFO  : Hardware design information is loaded from 'D:/Kishore_Sir_Project/imageProcSystem/imageProcSystem.sdk/imageProcSystem_wrapper_hw_platform_0/system.hdf'.
03:10:25 INFO  : 'configparams force-mem-access 1' command is executed.
03:10:25 INFO  : Context for 'APU' is selected.
03:10:25 INFO  : 'stop' command is executed.
03:10:25 INFO  : 'ps7_init' command is executed.
03:10:25 INFO  : 'ps7_post_config' command is executed.
03:10:25 INFO  : Context for processor 'ps7_cortexa9_0' is selected.
03:10:25 INFO  : Processor reset is completed for 'ps7_cortexa9_0'.
03:10:25 INFO  : Context for processor 'ps7_cortexa9_0' is selected.
03:10:26 INFO  : The application 'D:/Kishore_Sir_Project/imageProcSystem/imageProcSystem.sdk/imageEdgeDetect/Debug/imageEdgeDetect.elf' is downloaded to processor 'ps7_cortexa9_0'.
03:10:26 INFO  : 'configparams force-mem-access 0' command is executed.
03:10:26 INFO  : ----------------XSDB Script----------------
connect -url tcp:127.0.0.1:3121
source D:/Kishore_Sir_Project/imageProcSystem/imageProcSystem.sdk/imageProcSystem_wrapper_hw_platform_0/ps7_init.tcl
targets -set -nocase -filter {name =~"APU*" && jtag_cable_name =~ "Digilent Zybo 210279778198A"} -index 0
loadhw -hw D:/Kishore_Sir_Project/imageProcSystem/imageProcSystem.sdk/imageProcSystem_wrapper_hw_platform_0/system.hdf -mem-ranges [list {0x40000000 0xbfffffff}]
configparams force-mem-access 1
targets -set -nocase -filter {name =~"APU*" && jtag_cable_name =~ "Digilent Zybo 210279778198A"} -index 0
stop
ps7_init
ps7_post_config
targets -set -nocase -filter {name =~ "ARM*#0" && jtag_cable_name =~ "Digilent Zybo 210279778198A"} -index 0
rst -processor
targets -set -nocase -filter {name =~ "ARM*#0" && jtag_cable_name =~ "Digilent Zybo 210279778198A"} -index 0
dow D:/Kishore_Sir_Project/imageProcSystem/imageProcSystem.sdk/imageEdgeDetect/Debug/imageEdgeDetect.elf
configparams force-mem-access 0
----------------End of Script----------------

03:10:26 INFO  : Memory regions updated for context APU
03:10:26 INFO  : Context for processor 'ps7_cortexa9_0' is selected.
03:10:26 INFO  : 'con' command is executed.
03:10:26 INFO  : ----------------XSDB Script (After Launch)----------------
targets -set -nocase -filter {name =~ "ARM*#0" && jtag_cable_name =~ "Digilent Zybo 210279778198A"} -index 0
con
----------------End of Script----------------

03:10:26 INFO  : Launch script is exported to file 'D:\Kishore_Sir_Project\imageProcSystem\imageProcSystem.sdk\.sdk\launch_scripts\xilinx_c-c++_application_(system_debugger)\system_debugger_on_local.tcl'
03:10:48 INFO  : Disconnected from the channel tcfchan#9.
03:10:49 INFO  : 'targets -set -filter {jtag_cable_name =~ "Digilent Zybo 210279778198A" && level==0} -index 1' command is executed.
03:10:49 INFO  : 'fpga -state' command is executed.
03:10:54 INFO  : Connected to target on host '127.0.0.1' and port '3121'.
03:10:54 INFO  : Jtag cable 'Digilent Zybo 210279778198A' is selected.
03:10:54 INFO  : 'jtag frequency' command is executed.
03:10:54 INFO  : Sourcing of 'D:/Kishore_Sir_Project/imageProcSystem/imageProcSystem.sdk/imageProcSystem_wrapper_hw_platform_0/ps7_init.tcl' is done.
03:10:54 INFO  : Context for 'APU' is selected.
03:10:56 INFO  : Hardware design information is loaded from 'D:/Kishore_Sir_Project/imageProcSystem/imageProcSystem.sdk/imageProcSystem_wrapper_hw_platform_0/system.hdf'.
03:10:56 INFO  : 'configparams force-mem-access 1' command is executed.
03:10:56 INFO  : Context for 'APU' is selected.
03:10:56 INFO  : 'stop' command is executed.
03:10:56 INFO  : 'ps7_init' command is executed.
03:10:56 INFO  : 'ps7_post_config' command is executed.
03:10:56 INFO  : 'configparams force-mem-access 0' command is executed.
03:10:56 INFO  : ----------------XSDB Script----------------
connect -url tcp:127.0.0.1:3121
source D:/Kishore_Sir_Project/imageProcSystem/imageProcSystem.sdk/imageProcSystem_wrapper_hw_platform_0/ps7_init.tcl
targets -set -nocase -filter {name =~"APU*" && jtag_cable_name =~ "Digilent Zybo 210279778198A"} -index 0
loadhw -hw D:/Kishore_Sir_Project/imageProcSystem/imageProcSystem.sdk/imageProcSystem_wrapper_hw_platform_0/system.hdf -mem-ranges [list {0x40000000 0xbfffffff}]
configparams force-mem-access 1
targets -set -nocase -filter {name =~"APU*" && jtag_cable_name =~ "Digilent Zybo 210279778198A"} -index 0
stop
ps7_init
ps7_post_config
configparams force-mem-access 0
----------------End of Script----------------

03:10:56 INFO  : Memory regions updated for context APU
03:10:56 INFO  : Launch script is exported to file 'D:\Kishore_Sir_Project\imageProcSystem\imageProcSystem.sdk\.sdk\launch_scripts\xilinx_c-c++_application_(system_debugger)\system_debugger_on_local.tcl'
03:11:36 INFO  : Disconnected from the channel tcfchan#10.
03:11:37 INFO  : 'targets -set -filter {jtag_cable_name =~ "Digilent Zybo 210279778198A" && level==0} -index 1' command is executed.
03:11:37 INFO  : 'fpga -state' command is executed.
03:11:37 INFO  : Connected to target on host '127.0.0.1' and port '3121'.
03:11:38 INFO  : Jtag cable 'Digilent Zybo 210279778198A' is selected.
03:11:38 INFO  : 'jtag frequency' command is executed.
03:11:38 INFO  : Sourcing of 'D:/Kishore_Sir_Project/imageProcSystem/imageProcSystem.sdk/imageProcSystem_wrapper_hw_platform_0/ps7_init.tcl' is done.
03:11:38 INFO  : Context for 'APU' is selected.
03:11:39 INFO  : Hardware design information is loaded from 'D:/Kishore_Sir_Project/imageProcSystem/imageProcSystem.sdk/imageProcSystem_wrapper_hw_platform_0/system.hdf'.
03:11:39 INFO  : 'configparams force-mem-access 1' command is executed.
03:11:39 INFO  : Context for 'APU' is selected.
03:11:39 INFO  : 'stop' command is executed.
03:11:40 INFO  : 'ps7_init' command is executed.
03:11:40 INFO  : 'ps7_post_config' command is executed.
03:11:40 INFO  : Context for processor 'ps7_cortexa9_0' is selected.
03:11:40 INFO  : Processor reset is completed for 'ps7_cortexa9_0'.
03:11:40 INFO  : Context for processor 'ps7_cortexa9_0' is selected.
03:11:40 INFO  : The application 'D:/Kishore_Sir_Project/imageProcSystem/imageProcSystem.sdk/imageEdgeDetect/Debug/imageEdgeDetect.elf' is downloaded to processor 'ps7_cortexa9_0'.
03:11:40 INFO  : 'configparams force-mem-access 0' command is executed.
03:11:40 INFO  : ----------------XSDB Script----------------
connect -url tcp:127.0.0.1:3121
source D:/Kishore_Sir_Project/imageProcSystem/imageProcSystem.sdk/imageProcSystem_wrapper_hw_platform_0/ps7_init.tcl
targets -set -nocase -filter {name =~"APU*" && jtag_cable_name =~ "Digilent Zybo 210279778198A"} -index 0
loadhw -hw D:/Kishore_Sir_Project/imageProcSystem/imageProcSystem.sdk/imageProcSystem_wrapper_hw_platform_0/system.hdf -mem-ranges [list {0x40000000 0xbfffffff}]
configparams force-mem-access 1
targets -set -nocase -filter {name =~"APU*" && jtag_cable_name =~ "Digilent Zybo 210279778198A"} -index 0
stop
ps7_init
ps7_post_config
targets -set -nocase -filter {name =~ "ARM*#0" && jtag_cable_name =~ "Digilent Zybo 210279778198A"} -index 0
rst -processor
targets -set -nocase -filter {name =~ "ARM*#0" && jtag_cable_name =~ "Digilent Zybo 210279778198A"} -index 0
dow D:/Kishore_Sir_Project/imageProcSystem/imageProcSystem.sdk/imageEdgeDetect/Debug/imageEdgeDetect.elf
configparams force-mem-access 0
----------------End of Script----------------

03:11:41 INFO  : Memory regions updated for context APU
03:11:41 INFO  : Context for processor 'ps7_cortexa9_0' is selected.
03:11:41 INFO  : 'con' command is executed.
03:11:41 INFO  : ----------------XSDB Script (After Launch)----------------
targets -set -nocase -filter {name =~ "ARM*#0" && jtag_cable_name =~ "Digilent Zybo 210279778198A"} -index 0
con
----------------End of Script----------------

03:11:41 INFO  : Launch script is exported to file 'D:\Kishore_Sir_Project\imageProcSystem\imageProcSystem.sdk\.sdk\launch_scripts\xilinx_c-c++_application_(system_debugger)\system_debugger_on_local.tcl'
02:56:03 INFO  : Disconnected from the channel tcfchan#11.
