
*** Running vivado
    with args -log imageProcSystem_axis_dwidth_converter_0_0.vds -m64 -product Vivado -mode batch -messageDb vivado.pb -notrace -source imageProcSystem_axis_dwidth_converter_0_0.tcl


****** Vivado v2018.2 (64-bit)
  **** SW Build 2258646 on Thu Jun 14 20:03:12 MDT 2018
  **** IP Build 2256618 on Thu Jun 14 22:10:49 MDT 2018
    ** Copyright 1986-2018 Xilinx, Inc. All Rights Reserved.

source imageProcSystem_axis_dwidth_converter_0_0.tcl -notrace
Command: synth_design -top imageProcSystem_axis_dwidth_converter_0_0 -part xc7z010clg400-1 -mode out_of_context
Starting synth_design
Attempting to get a license for feature 'Synthesis' and/or device 'xc7z010'
INFO: [Common 17-349] Got license for feature 'Synthesis' and/or device 'xc7z010'
INFO: Launching helper process for spawning children vivado processes
INFO: Helper process launched with PID 3752 
---------------------------------------------------------------------------------
Starting RTL Elaboration : Time (s): cpu = 00:00:02 ; elapsed = 00:00:03 . Memory (MB): peak = 475.195 ; gain = 96.879
---------------------------------------------------------------------------------
INFO: [Synth 8-6157] synthesizing module 'imageProcSystem_axis_dwidth_converter_0_0' [d:/Kishore_Sir_Project/imageProcSystem/imageProcSystem.srcs/sources_1/bd/imageProcSystem/ip/imageProcSystem_axis_dwidth_converter_0_0/synth/imageProcSystem_axis_dwidth_converter_0_0.v:57]
INFO: [Synth 8-6157] synthesizing module 'axis_dwidth_converter_v1_1_16_axis_dwidth_converter' [d:/Kishore_Sir_Project/imageProcSystem/imageProcSystem.srcs/sources_1/bd/imageProcSystem/ipshared/64f6/hdl/axis_dwidth_converter_v1_1_vl_rfs.v:810]
	Parameter C_FAMILY bound to: zynq - type: string 
	Parameter C_S_AXIS_TDATA_WIDTH bound to: 8 - type: integer 
	Parameter C_M_AXIS_TDATA_WIDTH bound to: 32 - type: integer 
	Parameter C_AXIS_TID_WIDTH bound to: 1 - type: integer 
	Parameter C_AXIS_TDEST_WIDTH bound to: 1 - type: integer 
	Parameter C_S_AXIS_TUSER_WIDTH bound to: 1 - type: integer 
	Parameter C_M_AXIS_TUSER_WIDTH bound to: 1 - type: integer 
	Parameter C_AXIS_SIGNAL_SET bound to: 32'b00000000000000000000000000000011 
	Parameter G_INDX_SS_TREADY bound to: 0 - type: integer 
	Parameter G_INDX_SS_TDATA bound to: 1 - type: integer 
	Parameter G_INDX_SS_TSTRB bound to: 2 - type: integer 
	Parameter G_INDX_SS_TKEEP bound to: 3 - type: integer 
	Parameter G_INDX_SS_TLAST bound to: 4 - type: integer 
	Parameter G_INDX_SS_TID bound to: 5 - type: integer 
	Parameter G_INDX_SS_TDEST bound to: 6 - type: integer 
	Parameter G_INDX_SS_TUSER bound to: 7 - type: integer 
	Parameter G_MASK_SS_TREADY bound to: 1 - type: integer 
	Parameter G_MASK_SS_TDATA bound to: 2 - type: integer 
	Parameter G_MASK_SS_TSTRB bound to: 4 - type: integer 
	Parameter G_MASK_SS_TKEEP bound to: 8 - type: integer 
	Parameter G_MASK_SS_TLAST bound to: 16 - type: integer 
	Parameter G_MASK_SS_TID bound to: 32 - type: integer 
	Parameter G_MASK_SS_TDEST bound to: 64 - type: integer 
	Parameter G_MASK_SS_TUSER bound to: 128 - type: integer 
	Parameter G_TASK_SEVERITY_ERR bound to: 2 - type: integer 
	Parameter G_TASK_SEVERITY_WARNING bound to: 1 - type: integer 
	Parameter G_TASK_SEVERITY_INFO bound to: 0 - type: integer 
	Parameter P_SS_TKEEP_REQUIRED bound to: 0 - type: integer 
	Parameter P_AXIS_SIGNAL_SET bound to: 32'b00000000000000000000000000000011 
	Parameter P_S_RATIO bound to: 4 - type: integer 
	Parameter P_M_RATIO bound to: 1 - type: integer 
	Parameter P_D2_TDATA_WIDTH bound to: 32 - type: integer 
	Parameter P_D1_TUSER_WIDTH bound to: 1 - type: integer 
	Parameter P_D2_TUSER_WIDTH bound to: 4 - type: integer 
	Parameter P_D3_TUSER_WIDTH bound to: 4 - type: integer 
	Parameter P_D1_REG_CONFIG bound to: 0 - type: integer 
	Parameter P_D3_REG_CONFIG bound to: 0 - type: integer 
INFO: [Synth 8-6157] synthesizing module 'axis_dwidth_converter_v1_1_16_axisc_upsizer' [d:/Kishore_Sir_Project/imageProcSystem/imageProcSystem.srcs/sources_1/bd/imageProcSystem/ipshared/64f6/hdl/axis_dwidth_converter_v1_1_vl_rfs.v:437]
	Parameter C_FAMILY bound to: zynq - type: string 
	Parameter C_S_AXIS_TDATA_WIDTH bound to: 8 - type: integer 
	Parameter C_M_AXIS_TDATA_WIDTH bound to: 32 - type: integer 
	Parameter C_AXIS_TID_WIDTH bound to: 1 - type: integer 
	Parameter C_AXIS_TDEST_WIDTH bound to: 1 - type: integer 
	Parameter C_S_AXIS_TUSER_WIDTH bound to: 1 - type: integer 
	Parameter C_M_AXIS_TUSER_WIDTH bound to: 4 - type: integer 
	Parameter C_AXIS_SIGNAL_SET bound to: 32'b00000000000000000000000000000011 
	Parameter C_RATIO bound to: 4 - type: integer 
	Parameter G_INDX_SS_TREADY bound to: 0 - type: integer 
	Parameter G_INDX_SS_TDATA bound to: 1 - type: integer 
	Parameter G_INDX_SS_TSTRB bound to: 2 - type: integer 
	Parameter G_INDX_SS_TKEEP bound to: 3 - type: integer 
	Parameter G_INDX_SS_TLAST bound to: 4 - type: integer 
	Parameter G_INDX_SS_TID bound to: 5 - type: integer 
	Parameter G_INDX_SS_TDEST bound to: 6 - type: integer 
	Parameter G_INDX_SS_TUSER bound to: 7 - type: integer 
	Parameter G_MASK_SS_TREADY bound to: 1 - type: integer 
	Parameter G_MASK_SS_TDATA bound to: 2 - type: integer 
	Parameter G_MASK_SS_TSTRB bound to: 4 - type: integer 
	Parameter G_MASK_SS_TKEEP bound to: 8 - type: integer 
	Parameter G_MASK_SS_TLAST bound to: 16 - type: integer 
	Parameter G_MASK_SS_TID bound to: 32 - type: integer 
	Parameter G_MASK_SS_TDEST bound to: 64 - type: integer 
	Parameter G_MASK_SS_TUSER bound to: 128 - type: integer 
	Parameter G_TASK_SEVERITY_ERR bound to: 2 - type: integer 
	Parameter G_TASK_SEVERITY_WARNING bound to: 1 - type: integer 
	Parameter G_TASK_SEVERITY_INFO bound to: 0 - type: integer 
	Parameter P_READY_EXIST bound to: 1'b1 
	Parameter P_DATA_EXIST bound to: 1'b1 
	Parameter P_STRB_EXIST bound to: 1'b0 
	Parameter P_KEEP_EXIST bound to: 1'b0 
	Parameter P_LAST_EXIST bound to: 1'b0 
	Parameter P_ID_EXIST bound to: 1'b0 
	Parameter P_DEST_EXIST bound to: 1'b0 
	Parameter P_USER_EXIST bound to: 1'b0 
	Parameter P_S_AXIS_TSTRB_WIDTH bound to: 1 - type: integer 
	Parameter P_M_AXIS_TSTRB_WIDTH bound to: 4 - type: integer 
	Parameter SM_RESET bound to: 3'b000 
	Parameter SM_IDLE bound to: 3'b001 
	Parameter SM_ACTIVE bound to: 3'b101 
	Parameter SM_END bound to: 3'b011 
	Parameter SM_END_TO_ACTIVE bound to: 3'b010 
INFO: [Synth 8-5534] Detected attribute (* fsm_encoding = "none" *) [d:/Kishore_Sir_Project/imageProcSystem/imageProcSystem.srcs/sources_1/bd/imageProcSystem/ipshared/64f6/hdl/axis_dwidth_converter_v1_1_vl_rfs.v:525]
INFO: [Synth 8-6155] done synthesizing module 'axis_dwidth_converter_v1_1_16_axisc_upsizer' (1#1) [d:/Kishore_Sir_Project/imageProcSystem/imageProcSystem.srcs/sources_1/bd/imageProcSystem/ipshared/64f6/hdl/axis_dwidth_converter_v1_1_vl_rfs.v:437]
INFO: [Synth 8-6157] synthesizing module 'axis_register_slice_v1_1_17_axis_register_slice' [d:/Kishore_Sir_Project/imageProcSystem/imageProcSystem.srcs/sources_1/bd/imageProcSystem/ipshared/15d7/hdl/axis_register_slice_v1_1_vl_rfs.v:2260]
	Parameter C_FAMILY bound to: zynq - type: string 
	Parameter C_AXIS_TDATA_WIDTH bound to: 8 - type: integer 
	Parameter C_AXIS_TID_WIDTH bound to: 1 - type: integer 
	Parameter C_AXIS_TDEST_WIDTH bound to: 1 - type: integer 
	Parameter C_AXIS_TUSER_WIDTH bound to: 1 - type: integer 
	Parameter C_AXIS_SIGNAL_SET bound to: 32'b00000000000000000000000000000011 
	Parameter C_REG_CONFIG bound to: 0 - type: integer 
	Parameter C_NUM_SLR_CROSSINGS bound to: 0 - type: integer 
	Parameter C_PIPELINES_MASTER bound to: 0 - type: integer 
	Parameter C_PIPELINES_SLAVE bound to: 0 - type: integer 
	Parameter C_PIPELINES_MIDDLE bound to: 0 - type: integer 
	Parameter G_INDX_SS_TREADY bound to: 0 - type: integer 
	Parameter G_INDX_SS_TDATA bound to: 1 - type: integer 
	Parameter G_INDX_SS_TSTRB bound to: 2 - type: integer 
	Parameter G_INDX_SS_TKEEP bound to: 3 - type: integer 
	Parameter G_INDX_SS_TLAST bound to: 4 - type: integer 
	Parameter G_INDX_SS_TID bound to: 5 - type: integer 
	Parameter G_INDX_SS_TDEST bound to: 6 - type: integer 
	Parameter G_INDX_SS_TUSER bound to: 7 - type: integer 
	Parameter G_MASK_SS_TREADY bound to: 1 - type: integer 
	Parameter G_MASK_SS_TDATA bound to: 2 - type: integer 
	Parameter G_MASK_SS_TSTRB bound to: 4 - type: integer 
	Parameter G_MASK_SS_TKEEP bound to: 8 - type: integer 
	Parameter G_MASK_SS_TLAST bound to: 16 - type: integer 
	Parameter G_MASK_SS_TID bound to: 32 - type: integer 
	Parameter G_MASK_SS_TDEST bound to: 64 - type: integer 
	Parameter G_MASK_SS_TUSER bound to: 128 - type: integer 
	Parameter G_TASK_SEVERITY_ERR bound to: 2 - type: integer 
	Parameter G_TASK_SEVERITY_WARNING bound to: 1 - type: integer 
	Parameter G_TASK_SEVERITY_INFO bound to: 0 - type: integer 
	Parameter P_TPAYLOAD_WIDTH bound to: 8 - type: integer 
INFO: [Synth 8-6157] synthesizing module 'axis_infrastructure_v1_1_0_util_axis2vector' [d:/Kishore_Sir_Project/imageProcSystem/imageProcSystem.srcs/sources_1/bd/imageProcSystem/ipshared/0ab1/hdl/axis_infrastructure_v1_1_vl_rfs.v:810]
	Parameter C_TDATA_WIDTH bound to: 8 - type: integer 
	Parameter C_TID_WIDTH bound to: 1 - type: integer 
	Parameter C_TDEST_WIDTH bound to: 1 - type: integer 
	Parameter C_TUSER_WIDTH bound to: 1 - type: integer 
	Parameter C_TPAYLOAD_WIDTH bound to: 8 - type: integer 
	Parameter C_SIGNAL_SET bound to: 32'b00000000000000000000000000000011 
	Parameter G_INDX_SS_TREADY bound to: 0 - type: integer 
	Parameter G_INDX_SS_TDATA bound to: 1 - type: integer 
	Parameter G_INDX_SS_TSTRB bound to: 2 - type: integer 
	Parameter G_INDX_SS_TKEEP bound to: 3 - type: integer 
	Parameter G_INDX_SS_TLAST bound to: 4 - type: integer 
	Parameter G_INDX_SS_TID bound to: 5 - type: integer 
	Parameter G_INDX_SS_TDEST bound to: 6 - type: integer 
	Parameter G_INDX_SS_TUSER bound to: 7 - type: integer 
	Parameter G_MASK_SS_TREADY bound to: 1 - type: integer 
	Parameter G_MASK_SS_TDATA bound to: 2 - type: integer 
	Parameter G_MASK_SS_TSTRB bound to: 4 - type: integer 
	Parameter G_MASK_SS_TKEEP bound to: 8 - type: integer 
	Parameter G_MASK_SS_TLAST bound to: 16 - type: integer 
	Parameter G_MASK_SS_TID bound to: 32 - type: integer 
	Parameter G_MASK_SS_TDEST bound to: 64 - type: integer 
	Parameter G_MASK_SS_TUSER bound to: 128 - type: integer 
	Parameter G_TASK_SEVERITY_ERR bound to: 2 - type: integer 
	Parameter G_TASK_SEVERITY_WARNING bound to: 1 - type: integer 
	Parameter G_TASK_SEVERITY_INFO bound to: 0 - type: integer 
	Parameter P_TDATA_INDX bound to: 0 - type: integer 
	Parameter P_TSTRB_INDX bound to: 8 - type: integer 
	Parameter P_TKEEP_INDX bound to: 8 - type: integer 
	Parameter P_TLAST_INDX bound to: 8 - type: integer 
	Parameter P_TID_INDX bound to: 8 - type: integer 
	Parameter P_TDEST_INDX bound to: 8 - type: integer 
	Parameter P_TUSER_INDX bound to: 8 - type: integer 
INFO: [Synth 8-6155] done synthesizing module 'axis_infrastructure_v1_1_0_util_axis2vector' (2#1) [d:/Kishore_Sir_Project/imageProcSystem/imageProcSystem.srcs/sources_1/bd/imageProcSystem/ipshared/0ab1/hdl/axis_infrastructure_v1_1_vl_rfs.v:810]
INFO: [Synth 8-6157] synthesizing module 'axis_register_slice_v1_1_17_axisc_register_slice' [d:/Kishore_Sir_Project/imageProcSystem/imageProcSystem.srcs/sources_1/bd/imageProcSystem/ipshared/15d7/hdl/axis_register_slice_v1_1_vl_rfs.v:1448]
	Parameter C_FAMILY bound to: zynq - type: string 
	Parameter C_DATA_WIDTH bound to: 8 - type: integer 
	Parameter C_REG_CONFIG bound to: 0 - type: integer 
	Parameter C_NUM_SLR_CROSSINGS bound to: 0 - type: integer 
	Parameter C_PIPELINES_MASTER bound to: 0 - type: integer 
	Parameter C_PIPELINES_SLAVE bound to: 0 - type: integer 
	Parameter C_PIPELINES_MIDDLE bound to: 0 - type: integer 
INFO: [Synth 8-6155] done synthesizing module 'axis_register_slice_v1_1_17_axisc_register_slice' (3#1) [d:/Kishore_Sir_Project/imageProcSystem/imageProcSystem.srcs/sources_1/bd/imageProcSystem/ipshared/15d7/hdl/axis_register_slice_v1_1_vl_rfs.v:1448]
INFO: [Synth 8-6157] synthesizing module 'axis_infrastructure_v1_1_0_util_vector2axis' [d:/Kishore_Sir_Project/imageProcSystem/imageProcSystem.srcs/sources_1/bd/imageProcSystem/ipshared/0ab1/hdl/axis_infrastructure_v1_1_vl_rfs.v:992]
	Parameter C_TDATA_WIDTH bound to: 8 - type: integer 
	Parameter C_TID_WIDTH bound to: 1 - type: integer 
	Parameter C_TDEST_WIDTH bound to: 1 - type: integer 
	Parameter C_TUSER_WIDTH bound to: 1 - type: integer 
	Parameter C_TPAYLOAD_WIDTH bound to: 8 - type: integer 
	Parameter C_SIGNAL_SET bound to: 32'b00000000000000000000000000000011 
	Parameter G_INDX_SS_TREADY bound to: 0 - type: integer 
	Parameter G_INDX_SS_TDATA bound to: 1 - type: integer 
	Parameter G_INDX_SS_TSTRB bound to: 2 - type: integer 
	Parameter G_INDX_SS_TKEEP bound to: 3 - type: integer 
	Parameter G_INDX_SS_TLAST bound to: 4 - type: integer 
	Parameter G_INDX_SS_TID bound to: 5 - type: integer 
	Parameter G_INDX_SS_TDEST bound to: 6 - type: integer 
	Parameter G_INDX_SS_TUSER bound to: 7 - type: integer 
	Parameter G_MASK_SS_TREADY bound to: 1 - type: integer 
	Parameter G_MASK_SS_TDATA bound to: 2 - type: integer 
	Parameter G_MASK_SS_TSTRB bound to: 4 - type: integer 
	Parameter G_MASK_SS_TKEEP bound to: 8 - type: integer 
	Parameter G_MASK_SS_TLAST bound to: 16 - type: integer 
	Parameter G_MASK_SS_TID bound to: 32 - type: integer 
	Parameter G_MASK_SS_TDEST bound to: 64 - type: integer 
	Parameter G_MASK_SS_TUSER bound to: 128 - type: integer 
	Parameter G_TASK_SEVERITY_ERR bound to: 2 - type: integer 
	Parameter G_TASK_SEVERITY_WARNING bound to: 1 - type: integer 
	Parameter G_TASK_SEVERITY_INFO bound to: 0 - type: integer 
	Parameter P_TDATA_INDX bound to: 0 - type: integer 
	Parameter P_TSTRB_INDX bound to: 8 - type: integer 
	Parameter P_TKEEP_INDX bound to: 8 - type: integer 
	Parameter P_TLAST_INDX bound to: 8 - type: integer 
	Parameter P_TID_INDX bound to: 8 - type: integer 
	Parameter P_TDEST_INDX bound to: 8 - type: integer 
	Parameter P_TUSER_INDX bound to: 8 - type: integer 
INFO: [Synth 8-6155] done synthesizing module 'axis_infrastructure_v1_1_0_util_vector2axis' (4#1) [d:/Kishore_Sir_Project/imageProcSystem/imageProcSystem.srcs/sources_1/bd/imageProcSystem/ipshared/0ab1/hdl/axis_infrastructure_v1_1_vl_rfs.v:992]
INFO: [Synth 8-6155] done synthesizing module 'axis_register_slice_v1_1_17_axis_register_slice' (5#1) [d:/Kishore_Sir_Project/imageProcSystem/imageProcSystem.srcs/sources_1/bd/imageProcSystem/ipshared/15d7/hdl/axis_register_slice_v1_1_vl_rfs.v:2260]
INFO: [Synth 8-6157] synthesizing module 'axis_register_slice_v1_1_17_axis_register_slice__parameterized0' [d:/Kishore_Sir_Project/imageProcSystem/imageProcSystem.srcs/sources_1/bd/imageProcSystem/ipshared/15d7/hdl/axis_register_slice_v1_1_vl_rfs.v:2260]
	Parameter C_FAMILY bound to: zynq - type: string 
	Parameter C_AXIS_TDATA_WIDTH bound to: 32 - type: integer 
	Parameter C_AXIS_TID_WIDTH bound to: 1 - type: integer 
	Parameter C_AXIS_TDEST_WIDTH bound to: 1 - type: integer 
	Parameter C_AXIS_TUSER_WIDTH bound to: 4 - type: integer 
	Parameter C_AXIS_SIGNAL_SET bound to: 32'b00000000000000000000000000000011 
	Parameter C_REG_CONFIG bound to: 0 - type: integer 
	Parameter C_NUM_SLR_CROSSINGS bound to: 0 - type: integer 
	Parameter C_PIPELINES_MASTER bound to: 0 - type: integer 
	Parameter C_PIPELINES_SLAVE bound to: 0 - type: integer 
	Parameter C_PIPELINES_MIDDLE bound to: 0 - type: integer 
	Parameter G_INDX_SS_TREADY bound to: 0 - type: integer 
	Parameter G_INDX_SS_TDATA bound to: 1 - type: integer 
	Parameter G_INDX_SS_TSTRB bound to: 2 - type: integer 
	Parameter G_INDX_SS_TKEEP bound to: 3 - type: integer 
	Parameter G_INDX_SS_TLAST bound to: 4 - type: integer 
	Parameter G_INDX_SS_TID bound to: 5 - type: integer 
	Parameter G_INDX_SS_TDEST bound to: 6 - type: integer 
	Parameter G_INDX_SS_TUSER bound to: 7 - type: integer 
	Parameter G_MASK_SS_TREADY bound to: 1 - type: integer 
	Parameter G_MASK_SS_TDATA bound to: 2 - type: integer 
	Parameter G_MASK_SS_TSTRB bound to: 4 - type: integer 
	Parameter G_MASK_SS_TKEEP bound to: 8 - type: integer 
	Parameter G_MASK_SS_TLAST bound to: 16 - type: integer 
	Parameter G_MASK_SS_TID bound to: 32 - type: integer 
	Parameter G_MASK_SS_TDEST bound to: 64 - type: integer 
	Parameter G_MASK_SS_TUSER bound to: 128 - type: integer 
	Parameter G_TASK_SEVERITY_ERR bound to: 2 - type: integer 
	Parameter G_TASK_SEVERITY_WARNING bound to: 1 - type: integer 
	Parameter G_TASK_SEVERITY_INFO bound to: 0 - type: integer 
	Parameter P_TPAYLOAD_WIDTH bound to: 32 - type: integer 
INFO: [Synth 8-6157] synthesizing module 'axis_infrastructure_v1_1_0_util_axis2vector__parameterized0' [d:/Kishore_Sir_Project/imageProcSystem/imageProcSystem.srcs/sources_1/bd/imageProcSystem/ipshared/0ab1/hdl/axis_infrastructure_v1_1_vl_rfs.v:810]
	Parameter C_TDATA_WIDTH bound to: 32 - type: integer 
	Parameter C_TID_WIDTH bound to: 1 - type: integer 
	Parameter C_TDEST_WIDTH bound to: 1 - type: integer 
	Parameter C_TUSER_WIDTH bound to: 4 - type: integer 
	Parameter C_TPAYLOAD_WIDTH bound to: 32 - type: integer 
	Parameter C_SIGNAL_SET bound to: 32'b00000000000000000000000000000011 
	Parameter G_INDX_SS_TREADY bound to: 0 - type: integer 
	Parameter G_INDX_SS_TDATA bound to: 1 - type: integer 
	Parameter G_INDX_SS_TSTRB bound to: 2 - type: integer 
	Parameter G_INDX_SS_TKEEP bound to: 3 - type: integer 
	Parameter G_INDX_SS_TLAST bound to: 4 - type: integer 
	Parameter G_INDX_SS_TID bound to: 5 - type: integer 
	Parameter G_INDX_SS_TDEST bound to: 6 - type: integer 
	Parameter G_INDX_SS_TUSER bound to: 7 - type: integer 
	Parameter G_MASK_SS_TREADY bound to: 1 - type: integer 
	Parameter G_MASK_SS_TDATA bound to: 2 - type: integer 
	Parameter G_MASK_SS_TSTRB bound to: 4 - type: integer 
	Parameter G_MASK_SS_TKEEP bound to: 8 - type: integer 
	Parameter G_MASK_SS_TLAST bound to: 16 - type: integer 
	Parameter G_MASK_SS_TID bound to: 32 - type: integer 
	Parameter G_MASK_SS_TDEST bound to: 64 - type: integer 
	Parameter G_MASK_SS_TUSER bound to: 128 - type: integer 
	Parameter G_TASK_SEVERITY_ERR bound to: 2 - type: integer 
	Parameter G_TASK_SEVERITY_WARNING bound to: 1 - type: integer 
	Parameter G_TASK_SEVERITY_INFO bound to: 0 - type: integer 
	Parameter P_TDATA_INDX bound to: 0 - type: integer 
	Parameter P_TSTRB_INDX bound to: 32 - type: integer 
	Parameter P_TKEEP_INDX bound to: 32 - type: integer 
	Parameter P_TLAST_INDX bound to: 32 - type: integer 
	Parameter P_TID_INDX bound to: 32 - type: integer 
	Parameter P_TDEST_INDX bound to: 32 - type: integer 
	Parameter P_TUSER_INDX bound to: 32 - type: integer 
INFO: [Synth 8-6155] done synthesizing module 'axis_infrastructure_v1_1_0_util_axis2vector__parameterized0' (5#1) [d:/Kishore_Sir_Project/imageProcSystem/imageProcSystem.srcs/sources_1/bd/imageProcSystem/ipshared/0ab1/hdl/axis_infrastructure_v1_1_vl_rfs.v:810]
INFO: [Synth 8-6157] synthesizing module 'axis_register_slice_v1_1_17_axisc_register_slice__parameterized0' [d:/Kishore_Sir_Project/imageProcSystem/imageProcSystem.srcs/sources_1/bd/imageProcSystem/ipshared/15d7/hdl/axis_register_slice_v1_1_vl_rfs.v:1448]
	Parameter C_FAMILY bound to: zynq - type: string 
	Parameter C_DATA_WIDTH bound to: 32 - type: integer 
	Parameter C_REG_CONFIG bound to: 0 - type: integer 
	Parameter C_NUM_SLR_CROSSINGS bound to: 0 - type: integer 
	Parameter C_PIPELINES_MASTER bound to: 0 - type: integer 
	Parameter C_PIPELINES_SLAVE bound to: 0 - type: integer 
	Parameter C_PIPELINES_MIDDLE bound to: 0 - type: integer 
INFO: [Synth 8-6155] done synthesizing module 'axis_register_slice_v1_1_17_axisc_register_slice__parameterized0' (5#1) [d:/Kishore_Sir_Project/imageProcSystem/imageProcSystem.srcs/sources_1/bd/imageProcSystem/ipshared/15d7/hdl/axis_register_slice_v1_1_vl_rfs.v:1448]
INFO: [Synth 8-6157] synthesizing module 'axis_infrastructure_v1_1_0_util_vector2axis__parameterized0' [d:/Kishore_Sir_Project/imageProcSystem/imageProcSystem.srcs/sources_1/bd/imageProcSystem/ipshared/0ab1/hdl/axis_infrastructure_v1_1_vl_rfs.v:992]
	Parameter C_TDATA_WIDTH bound to: 32 - type: integer 
	Parameter C_TID_WIDTH bound to: 1 - type: integer 
	Parameter C_TDEST_WIDTH bound to: 1 - type: integer 
	Parameter C_TUSER_WIDTH bound to: 4 - type: integer 
	Parameter C_TPAYLOAD_WIDTH bound to: 32 - type: integer 
	Parameter C_SIGNAL_SET bound to: 32'b00000000000000000000000000000011 
	Parameter G_INDX_SS_TREADY bound to: 0 - type: integer 
	Parameter G_INDX_SS_TDATA bound to: 1 - type: integer 
	Parameter G_INDX_SS_TSTRB bound to: 2 - type: integer 
	Parameter G_INDX_SS_TKEEP bound to: 3 - type: integer 
	Parameter G_INDX_SS_TLAST bound to: 4 - type: integer 
	Parameter G_INDX_SS_TID bound to: 5 - type: integer 
	Parameter G_INDX_SS_TDEST bound to: 6 - type: integer 
	Parameter G_INDX_SS_TUSER bound to: 7 - type: integer 
	Parameter G_MASK_SS_TREADY bound to: 1 - type: integer 
	Parameter G_MASK_SS_TDATA bound to: 2 - type: integer 
	Parameter G_MASK_SS_TSTRB bound to: 4 - type: integer 
	Parameter G_MASK_SS_TKEEP bound to: 8 - type: integer 
	Parameter G_MASK_SS_TLAST bound to: 16 - type: integer 
	Parameter G_MASK_SS_TID bound to: 32 - type: integer 
	Parameter G_MASK_SS_TDEST bound to: 64 - type: integer 
	Parameter G_MASK_SS_TUSER bound to: 128 - type: integer 
	Parameter G_TASK_SEVERITY_ERR bound to: 2 - type: integer 
	Parameter G_TASK_SEVERITY_WARNING bound to: 1 - type: integer 
	Parameter G_TASK_SEVERITY_INFO bound to: 0 - type: integer 
	Parameter P_TDATA_INDX bound to: 0 - type: integer 
	Parameter P_TSTRB_INDX bound to: 32 - type: integer 
	Parameter P_TKEEP_INDX bound to: 32 - type: integer 
	Parameter P_TLAST_INDX bound to: 32 - type: integer 
	Parameter P_TID_INDX bound to: 32 - type: integer 
	Parameter P_TDEST_INDX bound to: 32 - type: integer 
	Parameter P_TUSER_INDX bound to: 32 - type: integer 
INFO: [Synth 8-6155] done synthesizing module 'axis_infrastructure_v1_1_0_util_vector2axis__parameterized0' (5#1) [d:/Kishore_Sir_Project/imageProcSystem/imageProcSystem.srcs/sources_1/bd/imageProcSystem/ipshared/0ab1/hdl/axis_infrastructure_v1_1_vl_rfs.v:992]
INFO: [Synth 8-6155] done synthesizing module 'axis_register_slice_v1_1_17_axis_register_slice__parameterized0' (5#1) [d:/Kishore_Sir_Project/imageProcSystem/imageProcSystem.srcs/sources_1/bd/imageProcSystem/ipshared/15d7/hdl/axis_register_slice_v1_1_vl_rfs.v:2260]
INFO: [Synth 8-6155] done synthesizing module 'axis_dwidth_converter_v1_1_16_axis_dwidth_converter' (6#1) [d:/Kishore_Sir_Project/imageProcSystem/imageProcSystem.srcs/sources_1/bd/imageProcSystem/ipshared/64f6/hdl/axis_dwidth_converter_v1_1_vl_rfs.v:810]
INFO: [Synth 8-6155] done synthesizing module 'imageProcSystem_axis_dwidth_converter_0_0' (7#1) [d:/Kishore_Sir_Project/imageProcSystem/imageProcSystem.srcs/sources_1/bd/imageProcSystem/ip/imageProcSystem_axis_dwidth_converter_0_0/synth/imageProcSystem_axis_dwidth_converter_0_0.v:57]
WARNING: [Synth 8-3331] design axis_register_slice_v1_1_17_axisc_register_slice__parameterized0 has unconnected port ACLK
WARNING: [Synth 8-3331] design axis_register_slice_v1_1_17_axisc_register_slice__parameterized0 has unconnected port ACLK2X
WARNING: [Synth 8-3331] design axis_register_slice_v1_1_17_axisc_register_slice__parameterized0 has unconnected port ARESET
WARNING: [Synth 8-3331] design axis_register_slice_v1_1_17_axisc_register_slice__parameterized0 has unconnected port ACLKEN
WARNING: [Synth 8-3331] design axis_infrastructure_v1_1_0_util_axis2vector__parameterized0 has unconnected port TSTRB[3]
WARNING: [Synth 8-3331] design axis_infrastructure_v1_1_0_util_axis2vector__parameterized0 has unconnected port TSTRB[2]
WARNING: [Synth 8-3331] design axis_infrastructure_v1_1_0_util_axis2vector__parameterized0 has unconnected port TSTRB[1]
WARNING: [Synth 8-3331] design axis_infrastructure_v1_1_0_util_axis2vector__parameterized0 has unconnected port TSTRB[0]
WARNING: [Synth 8-3331] design axis_infrastructure_v1_1_0_util_axis2vector__parameterized0 has unconnected port TKEEP[3]
WARNING: [Synth 8-3331] design axis_infrastructure_v1_1_0_util_axis2vector__parameterized0 has unconnected port TKEEP[2]
WARNING: [Synth 8-3331] design axis_infrastructure_v1_1_0_util_axis2vector__parameterized0 has unconnected port TKEEP[1]
WARNING: [Synth 8-3331] design axis_infrastructure_v1_1_0_util_axis2vector__parameterized0 has unconnected port TKEEP[0]
WARNING: [Synth 8-3331] design axis_infrastructure_v1_1_0_util_axis2vector__parameterized0 has unconnected port TLAST
WARNING: [Synth 8-3331] design axis_infrastructure_v1_1_0_util_axis2vector__parameterized0 has unconnected port TID[0]
WARNING: [Synth 8-3331] design axis_infrastructure_v1_1_0_util_axis2vector__parameterized0 has unconnected port TDEST[0]
WARNING: [Synth 8-3331] design axis_infrastructure_v1_1_0_util_axis2vector__parameterized0 has unconnected port TUSER[3]
WARNING: [Synth 8-3331] design axis_infrastructure_v1_1_0_util_axis2vector__parameterized0 has unconnected port TUSER[2]
WARNING: [Synth 8-3331] design axis_infrastructure_v1_1_0_util_axis2vector__parameterized0 has unconnected port TUSER[1]
WARNING: [Synth 8-3331] design axis_infrastructure_v1_1_0_util_axis2vector__parameterized0 has unconnected port TUSER[0]
WARNING: [Synth 8-3331] design axis_register_slice_v1_1_17_axisc_register_slice has unconnected port ACLK
WARNING: [Synth 8-3331] design axis_register_slice_v1_1_17_axisc_register_slice has unconnected port ACLK2X
WARNING: [Synth 8-3331] design axis_register_slice_v1_1_17_axisc_register_slice has unconnected port ARESET
WARNING: [Synth 8-3331] design axis_register_slice_v1_1_17_axisc_register_slice has unconnected port ACLKEN
WARNING: [Synth 8-3331] design axis_infrastructure_v1_1_0_util_axis2vector has unconnected port TSTRB[0]
WARNING: [Synth 8-3331] design axis_infrastructure_v1_1_0_util_axis2vector has unconnected port TKEEP[0]
WARNING: [Synth 8-3331] design axis_infrastructure_v1_1_0_util_axis2vector has unconnected port TLAST
WARNING: [Synth 8-3331] design axis_infrastructure_v1_1_0_util_axis2vector has unconnected port TID[0]
WARNING: [Synth 8-3331] design axis_infrastructure_v1_1_0_util_axis2vector has unconnected port TDEST[0]
WARNING: [Synth 8-3331] design axis_infrastructure_v1_1_0_util_axis2vector has unconnected port TUSER[0]
WARNING: [Synth 8-3331] design axis_dwidth_converter_v1_1_16_axis_dwidth_converter has unconnected port s_axis_tkeep[0]
WARNING: [Synth 8-3331] design axis_dwidth_converter_v1_1_16_axis_dwidth_converter has unconnected port s_axis_tuser[0]
---------------------------------------------------------------------------------
Finished RTL Elaboration : Time (s): cpu = 00:00:03 ; elapsed = 00:00:04 . Memory (MB): peak = 530.414 ; gain = 152.098
---------------------------------------------------------------------------------

Report Check Netlist: 
+------+------------------+-------+---------+-------+------------------+
|      |Item              |Errors |Warnings |Status |Description       |
+------+------------------+-------+---------+-------+------------------+
|1     |multi_driven_nets |      0|        0|Passed |Multi driven nets |
+------+------------------+-------+---------+-------+------------------+
---------------------------------------------------------------------------------
Start Handling Custom Attributes
---------------------------------------------------------------------------------
---------------------------------------------------------------------------------
Finished Handling Custom Attributes : Time (s): cpu = 00:00:03 ; elapsed = 00:00:04 . Memory (MB): peak = 530.414 ; gain = 152.098
---------------------------------------------------------------------------------
---------------------------------------------------------------------------------
Finished RTL Optimization Phase 1 : Time (s): cpu = 00:00:03 ; elapsed = 00:00:04 . Memory (MB): peak = 530.414 ; gain = 152.098
---------------------------------------------------------------------------------
INFO: [Device 21-403] Loading part xc7z010clg400-1
INFO: [Project 1-570] Preparing netlist for logic optimization

Processing XDC Constraints
Initializing timing engine
Parsing XDC File [d:/Kishore_Sir_Project/imageProcSystem/imageProcSystem.srcs/sources_1/bd/imageProcSystem/ip/imageProcSystem_axis_dwidth_converter_0_0/imageProcSystem_axis_dwidth_converter_0_0_ooc.xdc] for cell 'inst'
Finished Parsing XDC File [d:/Kishore_Sir_Project/imageProcSystem/imageProcSystem.srcs/sources_1/bd/imageProcSystem/ip/imageProcSystem_axis_dwidth_converter_0_0/imageProcSystem_axis_dwidth_converter_0_0_ooc.xdc] for cell 'inst'
Parsing XDC File [D:/Kishore_Sir_Project/imageProcSystem/imageProcSystem.runs/imageProcSystem_axis_dwidth_converter_0_0_synth_1/dont_touch.xdc]
Finished Parsing XDC File [D:/Kishore_Sir_Project/imageProcSystem/imageProcSystem.runs/imageProcSystem_axis_dwidth_converter_0_0_synth_1/dont_touch.xdc]
Completed Processing XDC Constraints

INFO: [Project 1-111] Unisim Transformation Summary:
No Unisim elements were transformed.

Constraint Validation Runtime : Time (s): cpu = 00:00:00 ; elapsed = 00:00:00.022 . Memory (MB): peak = 863.629 ; gain = 1.086
---------------------------------------------------------------------------------
Finished Constraint Validation : Time (s): cpu = 00:00:09 ; elapsed = 00:00:15 . Memory (MB): peak = 863.629 ; gain = 485.312
---------------------------------------------------------------------------------
---------------------------------------------------------------------------------
Start Loading Part and Timing Information
---------------------------------------------------------------------------------
Loading part: xc7z010clg400-1
---------------------------------------------------------------------------------
Finished Loading Part and Timing Information : Time (s): cpu = 00:00:09 ; elapsed = 00:00:15 . Memory (MB): peak = 863.629 ; gain = 485.312
---------------------------------------------------------------------------------
---------------------------------------------------------------------------------
Start Applying 'set_property' XDC Constraints
---------------------------------------------------------------------------------
Applied set_property DONT_TOUCH = true for inst. (constraint file  D:/Kishore_Sir_Project/imageProcSystem/imageProcSystem.runs/imageProcSystem_axis_dwidth_converter_0_0_synth_1/dont_touch.xdc, line 9).
---------------------------------------------------------------------------------
Finished applying 'set_property' XDC Constraints : Time (s): cpu = 00:00:09 ; elapsed = 00:00:15 . Memory (MB): peak = 863.629 ; gain = 485.312
---------------------------------------------------------------------------------
INFO: [Synth 8-4490] FSM extraction disabled for register 'state_reg' through user attribute
INFO: [Synth 8-5544] ROM "r0_reg_sel0" won't be mapped to Block RAM because address size (3) smaller than threshold (5)
INFO: [Synth 8-5544] ROM "r0_reg_sel0" won't be mapped to Block RAM because address size (3) smaller than threshold (5)
---------------------------------------------------------------------------------
Finished RTL Optimization Phase 2 : Time (s): cpu = 00:00:09 ; elapsed = 00:00:15 . Memory (MB): peak = 863.629 ; gain = 485.312
---------------------------------------------------------------------------------

Report RTL Partitions: 
+-+--------------+------------+----------+
| |RTL Partition |Replication |Instances |
+-+--------------+------------+----------+
+-+--------------+------------+----------+
---------------------------------------------------------------------------------
Start RTL Component Statistics 
---------------------------------------------------------------------------------
Detailed RTL Component Info : 
+---Registers : 
	                8 Bit    Registers := 5     
	                4 Bit    Registers := 1     
	                3 Bit    Registers := 1     
	                1 Bit    Registers := 24    
+---Muxes : 
	   2 Input      4 Bit        Muxes := 3     
	   2 Input      3 Bit        Muxes := 5     
	   3 Input      3 Bit        Muxes := 2     
	   2 Input      2 Bit        Muxes := 2     
	   3 Input      1 Bit        Muxes := 1     
---------------------------------------------------------------------------------
Finished RTL Component Statistics 
---------------------------------------------------------------------------------
---------------------------------------------------------------------------------
Start RTL Hierarchical Component Statistics 
---------------------------------------------------------------------------------
Hierarchical RTL Component report 
Module axis_dwidth_converter_v1_1_16_axisc_upsizer 
Detailed RTL Component Info : 
+---Registers : 
	                8 Bit    Registers := 5     
	                4 Bit    Registers := 1     
	                3 Bit    Registers := 1     
	                1 Bit    Registers := 21    
+---Muxes : 
	   2 Input      4 Bit        Muxes := 3     
	   2 Input      3 Bit        Muxes := 5     
	   3 Input      3 Bit        Muxes := 2     
	   2 Input      2 Bit        Muxes := 2     
	   3 Input      1 Bit        Muxes := 1     
Module axis_register_slice_v1_1_17_axis_register_slice 
Detailed RTL Component Info : 
+---Registers : 
	                1 Bit    Registers := 1     
Module axis_register_slice_v1_1_17_axis_register_slice__parameterized0 
Detailed RTL Component Info : 
+---Registers : 
	                1 Bit    Registers := 1     
Module axis_dwidth_converter_v1_1_16_axis_dwidth_converter 
Detailed RTL Component Info : 
+---Registers : 
	                1 Bit    Registers := 1     
---------------------------------------------------------------------------------
Finished RTL Hierarchical Component Statistics
---------------------------------------------------------------------------------
---------------------------------------------------------------------------------
Start Part Resource Summary
---------------------------------------------------------------------------------
Part Resources:
DSPs: 80 (col length:40)
BRAMs: 120 (col length: RAMB18 40 RAMB36 20)
---------------------------------------------------------------------------------
Finished Part Resource Summary
---------------------------------------------------------------------------------
---------------------------------------------------------------------------------
Start Cross Boundary and Area Optimization
---------------------------------------------------------------------------------
Warning: Parallel synthesis criteria is not met 
INFO: [Synth 8-4471] merging register 'gen_upsizer_conversion.axisc_upsizer_0/r0_dest_reg[0:0]' into 'gen_upsizer_conversion.axisc_upsizer_0/r0_id_reg[0:0]' [d:/Kishore_Sir_Project/imageProcSystem/imageProcSystem.srcs/sources_1/bd/imageProcSystem/ipshared/64f6/hdl/axis_dwidth_converter_v1_1_vl_rfs.v:707]
INFO: [Synth 8-4471] merging register 'gen_upsizer_conversion.axisc_upsizer_0/r0_user_reg[0:0]' into 'gen_upsizer_conversion.axisc_upsizer_0/r0_strb_reg[0:0]' [d:/Kishore_Sir_Project/imageProcSystem/imageProcSystem.srcs/sources_1/bd/imageProcSystem/ipshared/64f6/hdl/axis_dwidth_converter_v1_1_vl_rfs.v:708]
WARNING: [Synth 8-6014] Unused sequential element gen_upsizer_conversion.axisc_upsizer_0/r0_strb_reg was removed.  [d:/Kishore_Sir_Project/imageProcSystem/imageProcSystem.srcs/sources_1/bd/imageProcSystem/ipshared/64f6/hdl/axis_dwidth_converter_v1_1_vl_rfs.v:703]
WARNING: [Synth 8-6014] Unused sequential element gen_upsizer_conversion.axisc_upsizer_0/r0_keep_reg was removed.  [d:/Kishore_Sir_Project/imageProcSystem/imageProcSystem.srcs/sources_1/bd/imageProcSystem/ipshared/64f6/hdl/axis_dwidth_converter_v1_1_vl_rfs.v:704]
WARNING: [Synth 8-6014] Unused sequential element gen_upsizer_conversion.axisc_upsizer_0/acc_last_reg was removed.  [d:/Kishore_Sir_Project/imageProcSystem/imageProcSystem.srcs/sources_1/bd/imageProcSystem/ipshared/64f6/hdl/axis_dwidth_converter_v1_1_vl_rfs.v:712]
WARNING: [Synth 8-6014] Unused sequential element gen_upsizer_conversion.axisc_upsizer_0/r0_id_reg was removed.  [d:/Kishore_Sir_Project/imageProcSystem/imageProcSystem.srcs/sources_1/bd/imageProcSystem/ipshared/64f6/hdl/axis_dwidth_converter_v1_1_vl_rfs.v:706]
WARNING: [Synth 8-6014] Unused sequential element gen_upsizer_conversion.axisc_upsizer_0/acc_id_reg was removed.  [d:/Kishore_Sir_Project/imageProcSystem/imageProcSystem.srcs/sources_1/bd/imageProcSystem/ipshared/64f6/hdl/axis_dwidth_converter_v1_1_vl_rfs.v:724]
WARNING: [Synth 8-6014] Unused sequential element gen_upsizer_conversion.axisc_upsizer_0/r0_dest_reg was removed.  [d:/Kishore_Sir_Project/imageProcSystem/imageProcSystem.srcs/sources_1/bd/imageProcSystem/ipshared/64f6/hdl/axis_dwidth_converter_v1_1_vl_rfs.v:707]
WARNING: [Synth 8-6014] Unused sequential element gen_upsizer_conversion.axisc_upsizer_0/acc_dest_reg was removed.  [d:/Kishore_Sir_Project/imageProcSystem/imageProcSystem.srcs/sources_1/bd/imageProcSystem/ipshared/64f6/hdl/axis_dwidth_converter_v1_1_vl_rfs.v:725]
WARNING: [Synth 8-6014] Unused sequential element gen_upsizer_conversion.axisc_upsizer_0/r0_user_reg was removed.  [d:/Kishore_Sir_Project/imageProcSystem/imageProcSystem.srcs/sources_1/bd/imageProcSystem/ipshared/64f6/hdl/axis_dwidth_converter_v1_1_vl_rfs.v:708]
WARNING: [Synth 8-6014] Unused sequential element axis_register_slice_0/areset_r_reg was removed.  [d:/Kishore_Sir_Project/imageProcSystem/imageProcSystem.srcs/sources_1/bd/imageProcSystem/ipshared/15d7/hdl/axis_register_slice_v1_1_vl_rfs.v:2352]
WARNING: [Synth 8-6014] Unused sequential element axis_register_slice_1/areset_r_reg was removed.  [d:/Kishore_Sir_Project/imageProcSystem/imageProcSystem.srcs/sources_1/bd/imageProcSystem/ipshared/15d7/hdl/axis_register_slice_v1_1_vl_rfs.v:2352]
WARNING: [Synth 8-3331] design axis_dwidth_converter_v1_1_16_axis_dwidth_converter has unconnected port s_axis_tstrb[0]
WARNING: [Synth 8-3331] design axis_dwidth_converter_v1_1_16_axis_dwidth_converter has unconnected port s_axis_tkeep[0]
WARNING: [Synth 8-3331] design axis_dwidth_converter_v1_1_16_axis_dwidth_converter has unconnected port s_axis_tlast
WARNING: [Synth 8-3331] design axis_dwidth_converter_v1_1_16_axis_dwidth_converter has unconnected port s_axis_tid[0]
WARNING: [Synth 8-3331] design axis_dwidth_converter_v1_1_16_axis_dwidth_converter has unconnected port s_axis_tdest[0]
WARNING: [Synth 8-3331] design axis_dwidth_converter_v1_1_16_axis_dwidth_converter has unconnected port s_axis_tuser[0]
INFO: [Synth 8-3333] propagating constant 0 across sequential element (inst/\gen_upsizer_conversion.axisc_upsizer_0/r0_last_reg )
INFO: [Synth 8-3332] Sequential element (gen_upsizer_conversion.axisc_upsizer_0/r0_last_reg) is unused and will be removed from module axis_dwidth_converter_v1_1_16_axis_dwidth_converter.
---------------------------------------------------------------------------------
Finished Cross Boundary and Area Optimization : Time (s): cpu = 00:00:09 ; elapsed = 00:00:16 . Memory (MB): peak = 863.629 ; gain = 485.312
---------------------------------------------------------------------------------

Report RTL Partitions: 
+-+--------------+------------+----------+
| |RTL Partition |Replication |Instances |
+-+--------------+------------+----------+
+-+--------------+------------+----------+
---------------------------------------------------------------------------------
Start Applying XDC Timing Constraints
---------------------------------------------------------------------------------
---------------------------------------------------------------------------------
Finished Applying XDC Timing Constraints : Time (s): cpu = 00:00:15 ; elapsed = 00:00:25 . Memory (MB): peak = 863.629 ; gain = 485.312
---------------------------------------------------------------------------------
---------------------------------------------------------------------------------
Start Timing Optimization
---------------------------------------------------------------------------------
---------------------------------------------------------------------------------
Finished Timing Optimization : Time (s): cpu = 00:00:15 ; elapsed = 00:00:26 . Memory (MB): peak = 873.348 ; gain = 495.031
---------------------------------------------------------------------------------

Report RTL Partitions: 
+-+--------------+------------+----------+
| |RTL Partition |Replication |Instances |
+-+--------------+------------+----------+
+-+--------------+------------+----------+
---------------------------------------------------------------------------------
Start Technology Mapping
---------------------------------------------------------------------------------
---------------------------------------------------------------------------------
Finished Technology Mapping : Time (s): cpu = 00:00:15 ; elapsed = 00:00:26 . Memory (MB): peak = 873.348 ; gain = 495.031
---------------------------------------------------------------------------------

Report RTL Partitions: 
+-+--------------+------------+----------+
| |RTL Partition |Replication |Instances |
+-+--------------+------------+----------+
+-+--------------+------------+----------+
---------------------------------------------------------------------------------
Start IO Insertion
---------------------------------------------------------------------------------
---------------------------------------------------------------------------------
Start Flattening Before IO Insertion
---------------------------------------------------------------------------------
---------------------------------------------------------------------------------
Finished Flattening Before IO Insertion
---------------------------------------------------------------------------------
---------------------------------------------------------------------------------
Start Final Netlist Cleanup
---------------------------------------------------------------------------------
---------------------------------------------------------------------------------
Finished Final Netlist Cleanup
---------------------------------------------------------------------------------
---------------------------------------------------------------------------------
Finished IO Insertion : Time (s): cpu = 00:00:15 ; elapsed = 00:00:26 . Memory (MB): peak = 873.348 ; gain = 495.031
---------------------------------------------------------------------------------

Report Check Netlist: 
+------+------------------+-------+---------+-------+------------------+
|      |Item              |Errors |Warnings |Status |Description       |
+------+------------------+-------+---------+-------+------------------+
|1     |multi_driven_nets |      0|        0|Passed |Multi driven nets |
+------+------------------+-------+---------+-------+------------------+
---------------------------------------------------------------------------------
Start Renaming Generated Instances
---------------------------------------------------------------------------------
---------------------------------------------------------------------------------
Finished Renaming Generated Instances : Time (s): cpu = 00:00:15 ; elapsed = 00:00:26 . Memory (MB): peak = 873.348 ; gain = 495.031
---------------------------------------------------------------------------------

Report RTL Partitions: 
+-+--------------+------------+----------+
| |RTL Partition |Replication |Instances |
+-+--------------+------------+----------+
+-+--------------+------------+----------+
---------------------------------------------------------------------------------
Start Rebuilding User Hierarchy
---------------------------------------------------------------------------------
---------------------------------------------------------------------------------
Finished Rebuilding User Hierarchy : Time (s): cpu = 00:00:15 ; elapsed = 00:00:26 . Memory (MB): peak = 873.348 ; gain = 495.031
---------------------------------------------------------------------------------
---------------------------------------------------------------------------------
Start Renaming Generated Ports
---------------------------------------------------------------------------------
---------------------------------------------------------------------------------
Finished Renaming Generated Ports : Time (s): cpu = 00:00:15 ; elapsed = 00:00:26 . Memory (MB): peak = 873.348 ; gain = 495.031
---------------------------------------------------------------------------------
---------------------------------------------------------------------------------
Start Handling Custom Attributes
---------------------------------------------------------------------------------
---------------------------------------------------------------------------------
Finished Handling Custom Attributes : Time (s): cpu = 00:00:15 ; elapsed = 00:00:26 . Memory (MB): peak = 873.348 ; gain = 495.031
---------------------------------------------------------------------------------
---------------------------------------------------------------------------------
Start Renaming Generated Nets
---------------------------------------------------------------------------------
---------------------------------------------------------------------------------
Finished Renaming Generated Nets : Time (s): cpu = 00:00:15 ; elapsed = 00:00:26 . Memory (MB): peak = 873.348 ; gain = 495.031
---------------------------------------------------------------------------------
---------------------------------------------------------------------------------
Start Writing Synthesis Report
---------------------------------------------------------------------------------

Report BlackBoxes: 
+-+--------------+----------+
| |BlackBox name |Instances |
+-+--------------+----------+
+-+--------------+----------+

Report Cell Usage: 
+------+-----+------+
|      |Cell |Count |
+------+-----+------+
|1     |LUT1 |     1|
|2     |LUT2 |     2|
|3     |LUT3 |     1|
|4     |LUT4 |     2|
|5     |LUT5 |     8|
|6     |LUT6 |     5|
|7     |FDRE |    48|
+------+-----+------+

Report Instance Areas: 
+------+---------------------------------------------+----------------------------------------------------+------+
|      |Instance                                     |Module                                              |Cells |
+------+---------------------------------------------+----------------------------------------------------+------+
|1     |top                                          |                                                    |    67|
|2     |  inst                                       |axis_dwidth_converter_v1_1_16_axis_dwidth_converter |    67|
|3     |    \gen_upsizer_conversion.axisc_upsizer_0  |axis_dwidth_converter_v1_1_16_axisc_upsizer         |    65|
+------+---------------------------------------------+----------------------------------------------------+------+
---------------------------------------------------------------------------------
Finished Writing Synthesis Report : Time (s): cpu = 00:00:15 ; elapsed = 00:00:26 . Memory (MB): peak = 873.348 ; gain = 495.031
---------------------------------------------------------------------------------
Synthesis finished with 0 errors, 0 critical warnings and 16 warnings.
Synthesis Optimization Runtime : Time (s): cpu = 00:00:08 ; elapsed = 00:00:18 . Memory (MB): peak = 873.348 ; gain = 161.816
Synthesis Optimization Complete : Time (s): cpu = 00:00:15 ; elapsed = 00:00:27 . Memory (MB): peak = 873.348 ; gain = 495.031
INFO: [Project 1-571] Translating synthesized netlist
INFO: [Project 1-570] Preparing netlist for logic optimization
INFO: [Opt 31-138] Pushed 0 inverter(s) to 0 load pin(s).
INFO: [Project 1-111] Unisim Transformation Summary:
No Unisim elements were transformed.

INFO: [Common 17-83] Releasing license: Synthesis
39 Infos, 47 Warnings, 0 Critical Warnings and 0 Errors encountered.
synth_design completed successfully
synth_design: Time (s): cpu = 00:00:16 ; elapsed = 00:00:29 . Memory (MB): peak = 875.379 ; gain = 508.578
INFO: [Common 17-600] The following parameters have non-default value.
tcl.collectionResultDisplayLimit
WARNING: [Constraints 18-5210] No constraint will be written out.
INFO: [Common 17-1381] The checkpoint 'D:/Kishore_Sir_Project/imageProcSystem/imageProcSystem.runs/imageProcSystem_axis_dwidth_converter_0_0_synth_1/imageProcSystem_axis_dwidth_converter_0_0.dcp' has been generated.
